<?xml version="1.0" encoding="UTF-8"?>
<testsuite name="com.yolloma.savechristmas.dailychallenge.day4.CountOccurrencesInWordsearchTest" tests="2" skipped="0" failures="0" errors="0" timestamp="2024-12-04T10:17:06" hostname="MacBook-Pro-de-Aine.local" time="0.02">
  <properties/>
  <testcase name="solveWordsearchAgain()" classname="com.yolloma.savechristmas.dailychallenge.day4.CountOccurrencesInWordsearchTest" time="0.018"/>
  <testcase name="solveWordsearch()" classname="com.yolloma.savechristmas.dailychallenge.day4.CountOccurrencesInWordsearchTest" time="0.001"/>
  <system-out><![CDATA[]]></system-out>
  <system-err><![CDATA[]]></system-err>
</testsuite>
